0 verbose cli /Users/dex/.nvm/versions/node/v22.18.0/bin/node /Users/dex/.nvm/versions/node/v22.18.0/lib/node_modules/npm/bin/npm-cli.js
1 info using npm@10.9.3
2 info using node@v22.18.0
3 silly config load:file:/Users/dex/.nvm/versions/node/v22.18.0/lib/node_modules/npm/npmrc
4 silly config load:file:/Users/dex/Desktop/Essentials x Coding/Seleste/.npmrc
5 silly config load:file:/Users/dex/.npmrc
6 silly config load:file:/Users/dex/.nvm/versions/node/v22.18.0/etc/npmrc
7 verbose title npm exec create-vue@latest . --ts --router --force
8 verbose argv "exec" "--cache" ".npm-cache" "--yes" "--" "create-vue@latest" "." "--ts" "--router" "--force"
9 verbose logfile logs-max:10 dir:/Users/dex/Desktop/Essentials x Coding/Seleste/.npm-cache/_logs/2026-02-22T09_09_52_393Z-
10 verbose logfile /Users/dex/Desktop/Essentials x Coding/Seleste/.npm-cache/_logs/2026-02-22T09_09_52_393Z-debug-0.log
11 silly logfile done cleaning log files
12 silly packumentCache heap:2197815296 maxSize:549453824 maxEntrySize:274726912
13 http fetch GET 200 https://registry.npmjs.org/create-vue 100ms (cache revalidated)
14 silly packumentCache heap:2197815296 maxSize:549453824 maxEntrySize:274726912
15 silly packumentCache heap:2197815296 maxSize:549453824 maxEntrySize:274726912
16 silly idealTree buildDeps
17 silly fetch manifest create-vue@3.21.1
18 silly packumentCache full:https://registry.npmjs.org/create-vue cache-miss
19 http fetch GET 200 https://registry.npmjs.org/create-vue 714ms (cache miss)
20 silly packumentCache full:https://registry.npmjs.org/create-vue set size:undefined disposed:false
21 silly placeDep ROOT create-vue@3.21.1 OK for:  want: 3.21.1
22 silly reify moves {}
23 silly audit bulk request { 'create-vue': [ '3.21.1' ] }
24 http cache create-vue@https://registry.npmjs.org/create-vue/-/create-vue-3.21.1.tgz 0ms (cache hit)
25 silly tarball no local data for create-vue@https://registry.npmjs.org/create-vue/-/create-vue-3.21.1.tgz. Extracting by manifest.
26 http fetch GET 200 https://registry.npmjs.org/create-vue/-/create-vue-3.21.1.tgz 150ms (cache miss)
27 http fetch POST 200 https://registry.npmjs.org/-/npm/v1/security/advisories/bulk 211ms
28 silly audit report {}
29 verbose cwd /Users/dex/Desktop/Essentials x Coding/Seleste
30 verbose os Darwin 25.3.0
31 verbose node v22.18.0
32 verbose npm  v10.9.3
33 verbose exit 0
34 info ok
